Base path: C:/Program Files/Unity/Editor/Data
Cmd: initializeCompiler
Cmd: preprocess
  insize=1783 outsize=1095 ok=1
Cmd: preprocess
  insize=4405 outsize=1085 ok=1
Cmd: preprocess
  insize=1927 outsize=1096 ok=1
Cmd: preprocess
  error: 2 plat 21 at (35): Can't find include file ../../../Distortion/GvrDistortion.cginc
  insize=1845 outsize=950 ok=0
Cmd: preprocess
  insize=4481 outsize=1169 ok=1
Cmd: preprocess
  insize=3255 outsize=1840 ok=1
Cmd: preprocess
  insize=13381 outsize=2647 ok=1
Cmd: preprocess
  insize=3476 outsize=1354 ok=1
Cmd: preprocess
  insize=1734 outsize=1021 ok=1
Cmd: preprocess
  insize=1248 outsize=1248 ok=1
Cmd: preprocess
  insize=12504 outsize=2524 ok=1
Cmd: preprocess
  insize=1966 outsize=588 ok=1
Cmd: preprocess
  insize=2076 outsize=1256 ok=1
Cmd: preprocess
  insize=1766 outsize=899 ok=1
Cmd: preprocess
  insize=1213 outsize=1213 ok=1
Cmd: preprocess
  insize=2083 outsize=1090 ok=1
Cmd: preprocess
  insize=5869 outsize=1079 ok=1
